<?xml version="1.0" encoding="UTF-8"?>
<!-- Generated by org.testng.reporters.JUnitReportReporter -->
<testsuite name="googlepage.GooglePageSearch" tests="1" time="6.785" ignored="0" failures="0" timestamp="21 Dec 2017 23:31:36 GMT" skipped="0" hostname="DESKTOP-0PL7VUJ" errors="0">
  <testcase name="GoogleSearch" time="6.785" classname="googlepage.GooglePageSearch"/>
</testsuite> <!-- googlepage.GooglePageSearch -->
