<?xml version="1.0" encoding="UTF-8"?>
<!-- Generated by org.testng.reporters.JUnitReportReporter -->
<testsuite name="googlepage.GooglePage" tests="1" time="4.987" ignored="0" failures="0" timestamp="19 Dec 2017 19:00:24 GMT" skipped="0" hostname="DESKTOP-0PL7VUJ" errors="0">
  <testcase name="GoogleSearch" time="4.987" classname="googlepage.GooglePage"/>
</testsuite> <!-- googlepage.GooglePage -->
